{"level":"error","message":"GET on /productsd - 13:31:55"}
{"level":"error","message":"GET on /productsd - 13:33:51"}
{"level":"error","message":" GET on /ddd - 13:48:17"}
{"level":"error","message":"GET on /ddd - 13:49:18"}
{"level":"error","message":"GET on /ddd - 13:49:43"}
{"level":"error","message":"GET on /products2 - 13:54:30"}
{"level":"error","message":"GET on /productsf - 14:10:37"}
{"level":"error","message":"GET on /productsf - 14:12:18"}
{"level":"error","message":"GET on /productsf - 14:13:41"}
{"level":"error","message":"GET on /productsf - 14:14:10"}
{"level":"error","message":"GET on /productsf - 14:15:23"}
{"level":"error","message":"GET on /productsf - 14:16:59"}
{"level":"error","message":"GET on /productsd - 14:33:28"}
{"level":"error","message":"GET on /productsd - 14:33:44"}
{"level":"error","message":"GET on /productsd - 14:34:38"}
{"level":"error","message":"GET on /productsd - 14:34:55"}
{"level":"error","message":"GET on /productsd65623232 - 14:35:52"}
{"level":"error","message":"GET on /productsd65623232 - 14:39:38"}
{"level":"error","message":"GET on /productsd65623232 - 14:39:51"}
{"level":"error","message":"GET on /productsd65623232 - 14:41:28"}
{"level":"error","message":"GET on /productsd65623232111111111111111111111111111 - 14:41:36"}
{"level":"error","message":"GET on /productsd65623232111111111111111111111111111 - 14:42:32"}
{"level":"error","message":"GET on /productsd65623232111111111111111111111111111 - 14:42:48"}
{"level":"error","message":"GET on /productsd65623232111111111111111111111111111 - 14:43:05"}
{"level":"error","message":"GET on /productsd65623232111111111111111111111111111 - 14:43:42"}
{"level":"error","message":"GET on /productsd65623232111111111111111111111111111 - 14:44:07"}
{"level":"error","message":"GET on /productsl - 14:51:47"}
