{"timestamp":"2023-07-30T15:29:08.576Z","error":"mongoConnections is not defined"}
{"timestamp":"2023-07-30T15:29:20.625Z","error":"mongoConnections is not defined"}
{"timestamp":"2023-07-30T15:34:30.511Z","error":"mongoConnectiond is not defined"}
{"timestamp":"2023-07-30T15:36:42.789Z","error":"Cast to ObjectId failed for value \"64cs4930bbbefe1a2ec79e6a\" (type string) at path \"_id\" for model \"Product\""}
{"timestamp":"2023-07-30T15:38:49.755Z","error":"producto is not defined"}
{"timestamp":"2023-07-30T15:39:47.340Z","error":"producto is not defined"}
{"timestamp":"2023-07-30T15:45:08.501Z","error":"error is not defined"}
{"timestamp":"2023-07-30T15:46:16.267Z"}
{"timestamp":"2023-07-30T15:47:03.594Z"}
{"timestamp":"2023-07-30T15:47:40.395Z","error":"error is not defined"}
{"timestamp":"2023-07-30T16:47:29.275Z","error":"Cast to ObjectId failed for value \"64b8295p3301691b40b81e2f\" (type string) at path \"_id\" for model \"Product\""}
{"timestamp":"2023-07-30T16:50:29.529Z","error":"Cast to ObjectId failed for value \"64b8295p3301691b40b81e2f\" (type string) at path \"_id\" for model \"Product\""}
{"timestamp":"2023-07-30T17:00:20.433Z","error":"Cast to ObjectId failed for value \"64b8295p3301691b40b81e2f\" (type string) at path \"_id\" for model \"Product\""}
{"timestamp":"2023-07-30T17:00:25.927Z","error":"Cast to ObjectId failed for value \"64b82951b40b81e2f\" (type string) at path \"_id\" for model \"Product\""}
{"timestamp":"2023-07-30T17:06:05.362Z","error":"Cast to ObjectId failed for value \"64b8295p3301691b40b81e2f\" (type string) at path \"_id\" for model \"Product\""}
{"timestamp":"2023-07-30T17:06:41.757Z","error":"Cast to ObjectId failed for value \"64b8295p3301691b40b81e2f\" (type string) at path \"_id\" for model \"Product\""}
{"timestamp":"2023-07-30T18:32:10.965Z","error":"Cast to ObjectId failed for value \"64b863301691b40b81e2f\" (type string) at path \"_id\" for model \"Product\""}
{"timestamp":"2023-07-30T18:32:29.137Z","error":"Cast to ObjectId failed for value \"64b8295633091b40b81e2f\" (type string) at path \"_id\" for model \"Product\""}
{"timestamp":"2023-07-30T18:33:04.620Z","error":"The `uri` parameter to `openUri()` must be a string, got \"undefined\". Make sure the first parameter to `mongoose.connect()` or `mongoose.createConnection()` is a string."}
{"timestamp":"2023-07-30T18:33:29.233Z","error":"Operation `products.find()` buffering timed out after 10000ms"}
{"timestamp":"2023-07-30T18:33:44.692Z","error":"Operation `products.aggregate()` buffering timed out after 10000ms"}
{"timestamp":"2023-07-30T18:33:58.408Z","error":"Operation `carts.findOne()` buffering timed out after 10000ms"}
{"timestamp":"2023-07-30T18:34:39.555Z","error":"The `uri` parameter to `openUri()` must be a string, got \"undefined\". Make sure the first parameter to `mongoose.connect()` or `mongoose.createConnection()` is a string."}
{"timestamp":"2023-07-30T18:34:52.101Z","error":"Operation `products.find()` buffering timed out after 10000ms"}
{"timestamp":"2023-07-30T18:35:05.552Z","error":"Operation `products.aggregate()` buffering timed out after 10000ms"}
{"timestamp":"2023-07-30T18:35:19.074Z","error":"Operation `carts.findOne()` buffering timed out after 10000ms"}
{"timestamp":"2023-07-30T18:37:51.671Z","error":"The `uri` parameter to `openUri()` must be a string, got \"undefined\". Make sure the first parameter to `mongoose.connect()` or `mongoose.createConnection()` is a string."}
{"timestamp":"2023-07-30T18:41:25.442Z","error":"The `uri` parameter to `openUri()` must be a string, got \"undefined\". Make sure the first parameter to `mongoose.connect()` or `mongoose.createConnection()` is a string."}
{"timestamp":"2023-07-30T18:41:40.441Z","error":"Operation `products.find()` buffering timed out after 10000ms"}
{"timestamp":"2023-07-30T18:46:10.191Z","error":"The `uri` parameter to `openUri()` must be a string, got \"undefined\". Make sure the first parameter to `mongoose.connect()` or `mongoose.createConnection()` is a string."}
{"timestamp":"2023-07-30T18:49:52.223Z","error":"The `uri` parameter to `openUri()` must be a string, got \"undefined\". Make sure the first parameter to `mongoose.connect()` or `mongoose.createConnection()` is a string."}
{"timestamp":"2023-07-30T18:51:41.361Z","error":"The `uri` parameter to `openUri()` must be a string, got \"undefined\". Make sure the first parameter to `mongoose.connect()` or `mongoose.createConnection()` is a string."}
{"timestamp":"2023-07-30T18:57:03.351Z","error":"The `uri` parameter to `openUri()` must be a string, got \"undefined\". Make sure the first parameter to `mongoose.connect()` or `mongoose.createConnection()` is a string."}
{"timestamp":"2023-07-30T18:59:21.642Z","error":"The `uri` parameter to `openUri()` must be a string, got \"undefined\". Make sure the first parameter to `mongoose.connect()` or `mongoose.createConnection()` is a string."}
{"timestamp":"2023-07-30T18:59:40.613Z","error":"The `uri` parameter to `openUri()` must be a string, got \"undefined\". Make sure the first parameter to `mongoose.connect()` or `mongoose.createConnection()` is a string."}
{"timestamp":"2023-07-30T18:59:45.438Z","error":"error is not defined"}
{"timestamp":"2023-07-30T18:59:45.438Z","error":"error is not defined"}
{"timestamp":"2023-07-30T19:01:01.706Z","error":"The `uri` parameter to `openUri()` must be a string, got \"undefined\". Make sure the first parameter to `mongoose.connect()` or `mongoose.createConnection()` is a string."}
{"timestamp":"2023-07-30T19:01:04.077Z","error":"req is not defined"}
{"timestamp":"2023-07-30T19:01:19.467Z","error":"Operation `products.aggregate()` buffering timed out after 10000ms"}
{"timestamp":"2023-07-30T19:01:47.964Z","error":"The `uri` parameter to `openUri()` must be a string, got \"undefined\". Make sure the first parameter to `mongoose.connect()` or `mongoose.createConnection()` is a string."}
{"timestamp":"2023-07-30T19:01:50.743Z","error":"req is not defined"}
{"timestamp":"2023-07-30T19:03:10.483Z","error":"The `uri` parameter to `openUri()` must be a string, got \"undefined\". Make sure the first parameter to `mongoose.connect()` or `mongoose.createConnection()` is a string."}
{"timestamp":"2023-07-30T19:03:13.382Z","error":"error is not defined"}
{"timestamp":"2023-07-30T19:03:13.383Z","error":"error is not defined"}
{"timestamp":"2023-07-30T19:05:38.368Z","error":"The `uri` parameter to `openUri()` must be a string, got \"undefined\". Make sure the first parameter to `mongoose.connect()` or `mongoose.createConnection()` is a string."}
{"timestamp":"2023-07-30T19:05:41.406Z","error":"error is not defined"}
{"timestamp":"2023-07-30T19:05:41.407Z","error":"error is not defined"}
{"timestamp":"2023-07-30T19:13:59.508Z","error":"error is not defined"}
{"timestamp":"2023-07-30T19:13:59.509Z","error":"error is not defined"}
{"timestamp":"2023-07-30T19:14:12.903Z","error":"Operation `products.find()` buffering timed out after 10000ms"}
{"timestamp":"2023-07-30T22:04:48.888Z","error":"user is not defined"}
{"timestamp":"2023-07-30T22:04:57.965Z","error":"user is not defined"}
{"timestamp":"2023-07-30T22:16:06.286Z"}
{"timestamp":"2023-07-30T22:25:12.953Z","error":"message is not defined"}
{"timestamp":"2023-07-30T22:25:18.589Z","error":"message is not defined"}
{"timestamp":"2023-07-30T22:25:24.263Z","error":"message is not defined"}
{"timestamp":"2023-07-30T22:33:24.165Z","error":"Cast to ObjectId failed for value \"ddd\" (type string) at path \"_id\" for model \"Product\""}
{"timestamp":"2023-07-30T22:34:21.721Z","error":"Cast to ObjectId failed for value \"ddd\" (type string) at path \"_id\" for model \"Product\""}
{"timestamp":"2023-07-30T22:35:57.079Z","error":"Cast to ObjectId failed for value \"64b829563301691bd7\" (type string) at path \"_id\" for model \"Product\""}
{"timestamp":"30/07/2023, 7:44 p. m.","error":"Cast to ObjectId failed for value \"656\" (type string) at path \"_id\" for model \"Product\""}
{"timestamp":"30/07/2023, 7:47 p. m.","error":"Cast to ObjectId failed for value \"656\" (type string) at path \"_id\" for model \"Product\""}
{"timestamp":"30/07/2023, 19:47","error":"Cast to ObjectId failed for value \"656\" (type string) at path \"_id\" for model \"Product\""}
{"timestamp":"30/07/2023, 19:48","error":"The `uri` parameter to `openUri()` must be a string, got \"undefined\". Make sure the first parameter to `mongoose.connect()` or `mongoose.createConnection()` is a string."}
{"timestamp":"30/07/2023, 19:49","error":"The `uri` parameter to `openUri()` must be a string, got \"undefined\". Make sure the first parameter to `mongoose.connect()` or `mongoose.createConnection()` is a string."}
{"timestamp":"30/07/2023, 19:50","error":"mongoConnections is not defined"}
{"timestamp":"30/07/2023, 19:51","error":"Cast to ObjectId failed for value \"656\" (type string) at path \"_id\" for model \"Product\""}
{"timestamp":"31/07/2023, 07:50","error":"Intentaron ingresar a una Pagina No Existente.!! \n        Error 404 | Método: GET en la URL: http://localhost:8080/45"}
{"timestamp":"31/07/2023, 07:50","error":"Intentaron ingresar a una Pagina No Existente.!! \n        Error 404 | Método: GET en la URL: http://localhost:8080/45"}
{"timestamp":"31/07/2023, 07:51","error":"Intentaron ingresar a una Pagina No Existente.!! - Error 404 | Método: GET en la URL: http://localhost:8080/45"}
{"timestamp":"31/07/2023, 07:52","error":"Intentaron ingresar a una Pagina No Existente.!! - Error 404 | Método: GET en la URL: http://localhost:8080/45"}
{"timestamp":"31/07/2023, 07:53","error":"Intentaron ingresar a una Pagina No Existente.!! - Error 404 | Método: GET en la URL: http://localhost:8080/45"}
{"timestamp":"31/07/2023, 07:56","error":"Intentaron ingresar a una Pagina No Existente.!! - Error 404 | Método: GET en la URL: http://localhost:8080/45"}
{"timestamp":"31/07/2023, 07:56","error":"Intentaron ingresar a una Pagina No Existente.!! - Error 404 | Método: GET en la URL: http://localhost:8080/45"}
{"timestamp":"31/07/2023, 07:57","error":"Intentaron ingresar a una Pagina No Existente.!! - Error 404 | Método: GET en la URL: http://localhost:8080/45"}
{"timestamp":"31/07/2023, 07:58","error":"Intentaron ingresar a una Pagina No Existente.!! - Error 404 | Método: GET en la URL: http://localhost:8080/45"}
{"timestamp":"31/07/2023, 08:00","error":"Intentaron ingresar a una Pagina No Existente.!! - Error 404 | Método: GET en la URL: http://localhost:8080/45"}
{"timestamp":"31/07/2023, 08:01","error":"Intentaron ingresar a una Pagina No Existente.!! - Error 404 | Método: GET en la URL: http://localhost:8080/45"}
{"timestamp":"31/07/2023, 08:06","error":"Intentaron ingresar a una Pagina No Existente.!! - Error 404 | Método: GET en la URL: http://localhost:8080/45"}
{"timestamp":"31/07/2023, 08:07","error":"Intentaron ingresar a una Pagina No Existente.!! - Error 404 | Método: GET en la URL: http://localhost:8080/45"}
{"timestamp":"31/07/2023, 08:08","error":"Intentaron ingresar a una Pagina No Existente.!! - Error 404 | Método: GET en la URL: http://localhost:8080/45"}
{"timestamp":"31/07/2023, 08:09","error":"Intentaron ingresar a una Pagina No Existente.!! - Error 404 | Método: GET en la URL: http://localhost:8080/45"}
{"timestamp":"31/07/2023, 08:10","error":"Intentaron ingresar a una Pagina No Existente.!! - Error 404 | Método: GET en la URL: http://localhost:8080/45"}
{"timestamp":"31/07/2023, 08:10","error":"Intentaron ingresar a una Pagina No Existente.!! - Error 404 | Método: GET en la URL: http://localhost:8080/45"}
{"timestamp":"31/07/2023, 08:12","error":"Intentaron ingresar a una Pagina No Existente.!! - Error 404 | Método: GET en la URL: http://localhost:8080/45"}
{"timestamp":"31/07/2023, 08:13","error":"Intentaron ingresar a una Pagina No Existente.!! - Error 404 | Método: GET en la URL: http://localhost:8080/45"}
{"timestamp":"31/07/2023, 08:13","error":"Intentaron ingresar a una Pagina No Existente.!! - Error 404 | Método: GET en la URL: http://localhost:8080/45"}
{"timestamp":"31/07/2023, 12:50","error":"user.save is not a function"}
{"timestamp":"31/07/2023, 14:46","error":"El puerto 8080 está en uso. Por favor, elija un puerto diferente."}
{"timestamp":"31/07/2023, 14:47"}
{"timestamp":"31/07/2023, 14:48","error":"El puerto 8080 está en uso. Por favor, elija un puerto diferente."}
{"timestamp":"31/07/2023, 14:51","error":"El puerto 8080 está en uso. Por favor, elija un puerto diferente."}
{"timestamp":"31/07/2023, 16:04","error":"Error al intentar iniciar el Servidor porque el puerto 8080 está en uso por otro proceso.!"}
{"timestamp":"31/07/2023, 16:06","error":"Error al intentar iniciar el Servidor porque el puerto 8080 está en uso por otro proceso.!"}
{"timestamp":"31/07/2023, 16:07","error":"Error al intentar iniciar el Servidor porque el puerto 8080 está en uso por otro proceso.!"}
{"timestamp":"31/07/2023, 16:07","error":"Error al intentar iniciar el Servidor porque el puerto 8080 está en uso por otro proceso.!"}
{"timestamp":"31/07/2023, 16:10","error":"Error al intentar iniciar el Servidor porque el puerto 8080 está en uso por otro proceso.!"}
{"timestamp":"31/07/2023, 16:11","error":"Error al intentar iniciar el Servidor porque el puerto 8080 está en uso por otro proceso.!"}
{"timestamp":"31/07/2023, 18:01","error":"Cannot read properties of null (reading '_id')"}
{"timestamp":"31/07/2023, 18:01","error":"Cannot read properties of null (reading '_id')"}
{"timestamp":"31/07/2023, 18:01","error":"Cannot read properties of null (reading '_id')"}
{"timestamp":"31/07/2023, 18:04","error":"cart.save is not a function"}
{"timestamp":"31/07/2023, 18:04","error":"cart.save is not a function"}
{"timestamp":"31/07/2023, 20:54","error":"connect ECONNREFUSED ::1:80"}
{"timestamp":"31/07/2023, 20:57","error":"connect ECONNREFUSED ::1:80"}
{"timestamp":"31/07/2023, 21:04","error":"Cannot create property 'Symbol(level)' on string 'Product not found in any cart.'"}
{"timestamp":"31/07/2023, 21:07","error":"Cannot read properties of undefined (reading 'code')"}
{"timestamp":"31/07/2023, 21:08","error":"connect ECONNREFUSED ::1:80"}
{"timestamp":"31/07/2023, 21:15","error":"connect ECONNREFUSED ::1:80"}
{"timestamp":"31/07/2023, 21:17","error":"connect ECONNREFUSED ::1:80"}
{"timestamp":"31/07/2023, 21:17","error":"connect ECONNREFUSED ::1:80"}
{"timestamp":"31/07/2023, 21:19","error":"product.save is not a function"}
{"timestamp":"31/07/2023, 21:21","error":"connect ECONNREFUSED ::1:80"}
{"timestamp":"31/07/2023, 21:21","error":"connect ECONNREFUSED ::1:80"}
{"timestamp":"31/07/2023, 21:23","error":"connect ECONNREFUSED ::1:80"}
{"timestamp":"31/07/2023, 21:29","error":"connect ECONNREFUSED ::1:80"}
{"timestamp":"31/07/2023, 21:32","error":"connect ECONNREFUSED ::1:80"}
{"timestamp":"31/07/2023, 21:35","error":"connect ECONNREFUSED ::1:80"}
{"timestamp":"31/07/2023, 21:36","error":"connect ECONNREFUSED ::1:80"}
{"timestamp":"31/07/2023, 21:37","error":"connect ECONNREFUSED ::1:80"}
{"timestamp":"31/07/2023, 21:37","error":"connect ECONNREFUSED ::1:80"}
{"timestamp":"31/07/2023, 21:42","error":"item is not defined"}
{"timestamp":"31/07/2023, 21:42","error":"item is not defined"}
{"timestamp":"31/07/2023, 21:42","error":"item is not defined"}
{"timestamp":"31/07/2023, 21:42","error":"item is not defined"}
{"timestamp":"31/07/2023, 21:42","error":"item is not defined"}
{"timestamp":"31/07/2023, 21:42","error":"item is not defined"}
{"timestamp":"31/07/2023, 21:42","error":"item is not defined"}
{"timestamp":"31/07/2023, 21:42","error":"item is not defined"}
{"timestamp":"31/07/2023, 21:42","error":"item is not defined"}
{"timestamp":"31/07/2023, 21:42","error":"item is not defined"}
{"timestamp":"31/07/2023, 21:42","error":"item is not defined"}
{"timestamp":"31/07/2023, 21:42","error":"item is not defined"}
{"timestamp":"31/07/2023, 21:42","error":"item is not defined"}
{"timestamp":"31/07/2023, 21:42","error":"item is not defined"}
{"timestamp":"31/07/2023, 21:43","error":"item is not defined"}
{"timestamp":"31/07/2023, 21:43","error":"item is not defined"}
{"timestamp":"31/07/2023, 21:43","error":"item is not defined"}
{"timestamp":"31/07/2023, 21:43","error":"CartService.getAll(...).populate is not a function"}
{"timestamp":"31/07/2023, 21:43","error":"CartService.getAll(...).populate is not a function"}
{"timestamp":"31/07/2023, 21:43","error":"CartService.getAll(...).populate is not a function"}
{"timestamp":"31/07/2023, 21:44","error":"CartService.getAll(...).populate is not a function"}
{"timestamp":"31/07/2023, 21:44","error":"CartService.getAll(...).populate is not a function"}
{"timestamp":"31/07/2023, 21:44","error":"CartService.getAll(...).populate is not a function"}
{"timestamp":"31/07/2023, 21:45","error":"Cannot create property 'Symbol(level)' on string 'Product not found in any cart.'"}
{"timestamp":"31/07/2023, 21:45","error":"Cannot create property 'Symbol(level)' on string 'Product not found in any cart.'"}
{"timestamp":"31/07/2023, 21:45","error":"Cannot create property 'Symbol(level)' on string 'Product not found in any cart.'"}
{"timestamp":"31/07/2023, 21:46","error":"connect ECONNREFUSED ::1:80"}
{"timestamp":"31/07/2023, 21:47","error":"connect ECONNREFUSED ::1:80"}
{"timestamp":"31/07/2023, 21:48","error":"cart is not defined"}
{"timestamp":"31/07/2023, 21:50","error":"product.save is not a function"}
{"timestamp":"31/07/2023, 21:52","error":"connect ECONNREFUSED ::1:80"}
{"timestamp":"31/07/2023, 21:58","error":"connect ECONNREFUSED ::1:80"}
{"timestamp":"31/07/2023, 22:02","error":"connect ECONNREFUSED ::1:80"}
{"timestamp":"31/07/2023, 22:04","error":"Intentaron ingresar a una Pagina No Existente.!! - Error 404 | Método: GET en la URL: http://localhost:8080/undefined"}
{"timestamp":"31/07/2023, 22:04","error":"Invalid status code 404"}
{"timestamp":"01/08/2023, 08:31","error":"Cannot read properties of undefined (reading 'forEach')"}
{"timestamp":"01/08/2023, 08:32","error":"Cannot read properties of undefined (reading 'forEach')"}
{"timestamp":"01/08/2023, 10:01","error":"Cannot read properties of undefined (reading '_id')"}
{"timestamp":"02/08/2023, 08:50","error":"Intentaron ingresar a una Pagina No Existente.!! - Error 404 | Método: GET en la URL: http://localhost:8080/resetPasswordSent"}
{"timestamp":"02/08/2023, 08:56","error":"Intentaron ingresar a una Pagina No Existente.!! - Error 404 | Método: GET en la URL: http://localhost:8080/user/forgot-password"}
{"timestamp":"02/08/2023, 08:56","error":"Intentaron ingresar a una Pagina No Existente.!! - Error 404 | Método: GET en la URL: http://localhost:8080/user/forgot-password"}
{"timestamp":"02/08/2023, 08:57","error":"Intentaron ingresar a una Pagina No Existente.!! - Error 404 | Método: GET en la URL: http://localhost:8080/user/forgot-password"}
{"timestamp":"02/08/2023, 08:57","error":"Intentaron ingresar a una Pagina No Existente.!! - Error 404 | Método: GET en la URL: http://localhost:8080/user"}
{"timestamp":"02/08/2023, 09:05","error":"Intentaron ingresar a una Pagina No Existente.!! - Error 404 | Método: GET en la URL: http://localhost:8080/user/forgot-password"}
{"timestamp":"02/08/2023, 09:05","error":"Intentaron ingresar a una Pagina No Existente.!! - Error 404 | Método: GET en la URL: http://localhost:8080/user/forgot-password"}
{"timestamp":"02/08/2023, 09:06","error":"Intentaron ingresar a una Pagina No Existente.!! - Error 404 | Método: GET en la URL: http://localhost:8080/user/forgot-password"}
{"timestamp":"02/08/2023, 09:31","error":"Intentaron ingresar a una Pagina No Existente.!! - Error 404 | Método: POST en la URL: http://localhost:8080/forgot-password"}
{"timestamp":"02/08/2023, 09:32","error":"Intentaron ingresar a una Pagina No Existente.!! - Error 404 | Método: POST en la URL: http://localhost:8080/forgot-password"}
{"timestamp":"02/08/2023, 09:32","error":"Intentaron ingresar a una Pagina No Existente.!! - Error 404 | Método: POST en la URL: http://localhost:8080/forgot-password"}
{"timestamp":"02/08/2023, 10:04","error":"Intentaron ingresar a una Pagina No Existente.!! - Error 404 | Método: POST en la URL: http://localhost:8080/forgot-password"}
{"timestamp":"02/08/2023, 10:04","error":"generateToken is not defined"}
{"timestamp":"02/08/2023, 10:17","error":"Intentaron ingresar a una Pagina No Existente.!! - Error 404 | Método: GET en la URL: http://localhost:8080/forgot-password"}
{"timestamp":"02/08/2023, 10:18","error":"Intentaron ingresar a una Pagina No Existente.!! - Error 404 | Método: GET en la URL: http://localhost:8080/forgot-password"}
{"timestamp":"02/08/2023, 10:18","error":"Intentaron ingresar a una Pagina No Existente.!! - Error 404 | Método: POST en la URL: http://localhost:8080/forgot-password"}
{"timestamp":"02/08/2023, 10:19","error":"generateToken is not defined"}
{"timestamp":"02/08/2023, 10:26","error":"Intentaron ingresar a una Pagina No Existente.!! - Error 404 | Método: POST en la URL: http://localhost:8080/forgot-password"}
{"timestamp":"02/08/2023, 10:27","error":"Intentaron ingresar a una Pagina No Existente.!! - Error 404 | Método: POST en la URL: http://localhost:8080/"}
{"timestamp":"02/08/2023, 10:28","error":"Intentaron ingresar a una Pagina No Existente.!! - Error 404 | Método: GET en la URL: http://localhost:8080/forgot-password"}
{"timestamp":"02/08/2023, 10:30","error":"Intentaron ingresar a una Pagina No Existente.!! - Error 404 | Método: GET en la URL: http://localhost:8080/forgot-password"}
{"timestamp":"02/08/2023, 10:34","error":"Intentaron ingresar a una Pagina No Existente.!! - Error 404 | Método: GET en la URL: http://localhost:8080/forgot-password"}
{"timestamp":"02/08/2023, 10:35","error":"generateToken is not defined"}
{"timestamp":"02/08/2023, 10:36","error":"Cannot read properties of undefined (reading '_id')"}
{"timestamp":"02/08/2023, 10:41","error":"Cannot read properties of undefined (reading '_id')"}
{"timestamp":"02/08/2023, 10:42","error":"Cannot read properties of undefined (reading '_id')"}
{"timestamp":"02/08/2023, 10:43","error":"Cannot read properties of undefined (reading '_id')"}
{"timestamp":"02/08/2023, 10:45","error":"Cannot read properties of undefined (reading '_id')"}
{"timestamp":"02/08/2023, 10:45","error":"Cannot read properties of undefined (reading '_id')"}
{"timestamp":"02/08/2023, 10:50","error":"user is not defined"}
{"timestamp":"02/08/2023, 10:51","error":"user is not defined"}
{"timestamp":"02/08/2023, 10:51","error":"user is not defined"}
{"timestamp":"02/08/2023, 10:52","error":"Cannot read properties of null (reading '_id')"}
{"timestamp":"02/08/2023, 10:54","error":"Cannot read properties of null (reading '_id')"}
{"timestamp":"02/08/2023, 11:00","error":"secret is not defined"}
{"timestamp":"02/08/2023, 13:55","error":"Intentaron ingresar a una Pagina No Existente.!! - Error 404 | Método: GET en la URL: http://localhost:8080/eyJhbGciOiJIUzI1NiIsInR5cCI6IkpXVCJ9.eyJ1c2VySWQiOiI2NDYxMjgzZjQ1YzNjMTlhNDUzMzFlMmEiLCJpYXQiOjE2OTA5OTUyOTgsImV4cCI6MTY5MTA4MTY5OH0.4qHLEF3kL8SbZFIHoT1giDlv9l7_FQw5D3f7dhHQp90"}
{"timestamp":"02/08/2023, 13:56","error":"Intentaron ingresar a una Pagina No Existente.!! - Error 404 | Método: GET en la URL: http://localhost:8080/reset-password/eyJhbGciOiJIUzI1NiIsInR5cCI6IkpXVCJ9.eyJ1c2VySWQiOiI2NDYxMjgzZjQ1YzNjMTlhNDUzMzFlMmEiLCJpYXQiOjE2OTA5OTUzNzAsImV4cCI6MTY5MTA4MTc3MH0.ulyEHhM8zb1WgYjhexHstYQvcTppmkNkbNvKfFowplk"}
{"timestamp":"02/08/2023, 13:57","error":"Intentaron ingresar a una Pagina No Existente.!! - Error 404 | Método: GET en la URL: http://localhost:8080/reset-password/:eyJhbGciOiJIUzI1NiIsInR5cCI6IkpXVCJ9.eyJ1c2VySWQiOiI2NDYxMjgzZjQ1YzNjMTlhNDUzMzFlMmEiLCJpYXQiOjE2OTA5OTU0MTgsImV4cCI6MTY5MTA4MTgxOH0.cvfq7Q3-BPGGAWLHtu05Xp2Xn4TYQ9yefDAmarMto8g"}
{"timestamp":"02/08/2023, 14:00","error":"Intentaron ingresar a una Pagina No Existente.!! - Error 404 | Método: GET en la URL: http://localhost:8080/reset-password/eyJhbGciOiJIUzI1NiIsInR5cCI6IkpXVCJ9.eyJ1c2VySWQiOiI2NDYxMjgzZjQ1YzNjMTlhNDUzMzFlMmEiLCJpYXQiOjE2OTA5OTU2MzIsImV4cCI6MTY5MTA4MjAzMn0.YC5rC4T472CF_-tz5vmwd-8X91T3YzyFa_YZdUtcNTg"}
{"timestamp":"02/08/2023, 14:01","error":"Intentaron ingresar a una Pagina No Existente.!! - Error 404 | Método: GET en la URL: http://localhost:8080/reset-password/eyJhbGciOiJIUzI1NiIsInR5cCI6IkpXVCJ9.eyJ1c2VySWQiOiI2NDYxMjgzZjQ1YzNjMTlhNDUzMzFlMmEiLCJpYXQiOjE2OTA5OTU2MzIsImV4cCI6MTY5MTA4MjAzMn0.YC5rC4T472CF_-tz5vmwd-8X91T3YzyFa_YZdUtcNTg"}
{"timestamp":"02/08/2023, 14:02","error":"Intentaron ingresar a una Pagina No Existente.!! - Error 404 | Método: GET en la URL: http://localhost:8080/reset-password/eyJhbGciOiJIUzI1NiIsInR5cCI6IkpXVCJ9.eyJ1c2VySWQiOiI2NDYxMjgzZjQ1YzNjMTlhNDUzMzFlMmEiLCJpYXQiOjE2OTA5OTU2MzIsImV4cCI6MTY5MTA4MjAzMn0.YC5rC4T472CF_-tz5vmwd-8X91T3YzyFa_YZdUtcNTg"}
{"timestamp":"02/08/2023, 14:03","error":"Intentaron ingresar a una Pagina No Existente.!! - Error 404 | Método: GET en la URL: http://localhost:8080/reset-password/eyJhbGciOiJIUzI1NiIsInR5cCI6IkpXVCJ9.eyJ1c2VySWQiOiI2NDYxMjgzZjQ1YzNjMTlhNDUzMzFlMmEiLCJpYXQiOjE2OTA5OTU2MzIsImV4cCI6MTY5MTA4MjAzMn0.YC5rC4T472CF_-tz5vmwd-8X91T3YzyFa_YZdUtcNTg"}
{"timestamp":"02/08/2023, 14:03","error":"Intentaron ingresar a una Pagina No Existente.!! - Error 404 | Método: GET en la URL: http://localhost:8080/reset-password/eyJhbGciOiJIUzI1NiIsInR5cCI6IkpXVCJ9.eyJ1c2VySWQiOiI2NDYxMjgzZjQ1YzNjMTlhNDUzMzFlMmEiLCJpYXQiOjE2OTA5OTU2MzIsImV4cCI6MTY5MTA4MjAzMn0.YC5rC4T472CF_-tz5vmwd-8X91T3YzyFa_YZdUtcNTg"}
{"timestamp":"02/08/2023, 14:05","error":"UserService is not defined"}
{"timestamp":"02/08/2023, 14:05","error":"UserService is not defined"}
{"timestamp":"02/08/2023, 14:11","error":"UserService is not defined"}
{"timestamp":"02/08/2023, 14:11","error":"UserService is not defined"}
{"timestamp":"02/08/2023, 14:12","error":"UserService is not defined"}
{"timestamp":"02/08/2023, 14:12","error":"UserService is not defined"}
{"timestamp":"02/08/2023, 14:13","error":"UserService is not defined"}
{"timestamp":"02/08/2023, 14:13","error":"UserService is not defined"}
{"timestamp":"02/08/2023, 14:14","error":"UserService is not defined"}
{"timestamp":"02/08/2023, 14:14","error":"UserService is not defined"}
{"timestamp":"02/08/2023, 14:15","error":"UserService is not defined"}
{"timestamp":"02/08/2023, 14:15","error":"UserService is not defined"}
{"timestamp":"02/08/2023, 14:15","error":"UserService is not defined"}
{"timestamp":"02/08/2023, 14:15","error":"UserService is not defined"}
{"timestamp":"02/08/2023, 14:16","error":"UserService is not defined"}
{"timestamp":"02/08/2023, 14:16","error":"UserService is not defined"}
{"timestamp":"02/08/2023, 14:17","error":"UserService is not defined"}
{"timestamp":"02/08/2023, 14:17","error":"UserService is not defined"}
{"timestamp":"02/08/2023, 14:18","error":"UserService is not defined"}
{"timestamp":"02/08/2023, 14:18","error":"UserService is not defined"}
{"timestamp":"02/08/2023, 14:24","error":"UserService is not defined"}
{"timestamp":"02/08/2023, 14:24","error":"UserService is not defined"}
{"timestamp":"02/08/2023, 14:25","error":"UserService is not defined"}
{"timestamp":"02/08/2023, 14:25","error":"UserService is not defined"}
{"timestamp":"02/08/2023, 14:25","error":"UserService is not defined"}
{"timestamp":"02/08/2023, 14:25","error":"UserService is not defined"}
{"timestamp":"02/08/2023, 15:13","error":"Intentaron ingresar a una Pagina No Existente.!! - Error 404 | Método: GET en la URL: http://localhost:8080/src/public/js/index.js"}
{"timestamp":"02/08/2023, 16:14","error":"sendPasswordChangedEmail is not defined"}
{"timestamp":"02/08/2023, 16:14","error":"sendPasswordChangedEmail is not defined"}
{"timestamp":"02/08/2023, 16:15","error":"sendPasswordChangedEmail is not defined"}
{"timestamp":"02/08/2023, 16:15","error":"sendPasswordChangedEmail is not defined"}
{"timestamp":"02/08/2023, 18:41","error":"Client must be connected before running operations"}
{"timestamp":"02/08/2023, 18:41","error":"Client must be connected before running operations"}
{"timestamp":"02/08/2023, 19:12","error":"Cannot create property 'Symbol(level)' on string 'Lista de usuarios inactivos: '"}
{"timestamp":"04/08/2023, 16:28","error":"Intentaron ingresar a una Pagina No Existente.!! - Error 404 | Método: GET en la URL: http://localhost:8080/cartse"}
{"timestamp":"04/08/2023, 16:29","error":"Intentaron ingresar a una Pagina No Existente.!! - Error 404 | Método: GET en la URL: http://localhost:8080/cartse"}
{"timestamp":"04/08/2023, 16:29","error":"Intentaron ingresar a una Pagina No Existente.!! - Error 404 | Método: GET en la URL: http://localhost:8080/cartse"}
{"timestamp":"06/08/2023, 17:54","error":"product.save is not a function"}
{"timestamp":"06/08/2023, 17:54","error":"product.save is not a function"}
{"timestamp":"06/08/2023, 17:55","error":"product.save is not a function"}
{"timestamp":"06/08/2023, 17:55","error":"product.save is not a function"}
{"timestamp":"06/08/2023, 17:59","error":"product.save is not a function"}
{"timestamp":"06/08/2023, 18:02","error":"product.save is not a function"}
{"timestamp":"06/08/2023, 18:11","error":"product.save is not a function"}
{"timestamp":"07/08/2023, 18:03","error":"Intentaron ingresar a una Pagina No Existente.!! - Error 404 | Método: GET en la URL: http://localhost:8080/img/thumbnail-1691410628881.png"}
{"timestamp":"07/08/2023, 18:03","error":"Intentaron ingresar a una Pagina No Existente.!! - Error 404 | Método: GET en la URL: http://localhost:8080/img/thumbnail-1691410243752.png"}
{"timestamp":"07/08/2023, 18:03","error":"Intentaron ingresar a una Pagina No Existente.!! - Error 404 | Método: GET en la URL: http://localhost:8080/img/thumbnail-1691412077546.png"}
{"timestamp":"07/08/2023, 18:03","error":"Intentaron ingresar a una Pagina No Existente.!! - Error 404 | Método: GET en la URL: http://localhost:8080/img/thumbnail-1691411333893.png"}
{"timestamp":"07/08/2023, 18:03","error":"Intentaron ingresar a una Pagina No Existente.!! - Error 404 | Método: GET en la URL: http://localhost:8080/img/thumbnail-1691412291676.png"}
{"timestamp":"07/08/2023, 18:03","error":"Intentaron ingresar a una Pagina No Existente.!! - Error 404 | Método: GET en la URL: http://localhost:8080/img/thumbnail-1691412917277.png"}
{"timestamp":"07/08/2023, 18:03","error":"Intentaron ingresar a una Pagina No Existente.!! - Error 404 | Método: GET en la URL: http://localhost:8080/img/thumbnail-1691412658599.png"}
{"timestamp":"07/08/2023, 18:03","error":"Intentaron ingresar a una Pagina No Existente.!! - Error 404 | Método: GET en la URL: http://localhost:8080/img/thumbnail-1691413276059.png"}
{"timestamp":"07/08/2023, 18:03","error":"Intentaron ingresar a una Pagina No Existente.!! - Error 404 | Método: GET en la URL: http://localhost:8080/img/thumbnail-1691412266124.png"}
{"timestamp":"07/08/2023, 18:03","error":"Intentaron ingresar a una Pagina No Existente.!! - Error 404 | Método: GET en la URL: http://localhost:8080/img/thumbnail-1691413468900.png"}
{"timestamp":"07/08/2023, 18:03","error":"Intentaron ingresar a una Pagina No Existente.!! - Error 404 | Método: GET en la URL: http://localhost:8080/img/thumbnail-1691414333698.png"}
{"timestamp":"07/08/2023, 18:03","error":"Intentaron ingresar a una Pagina No Existente.!! - Error 404 | Método: GET en la URL: http://localhost:8080/img/thumbnail-1691414412538.png"}
{"timestamp":"07/08/2023, 18:03","error":"Intentaron ingresar a una Pagina No Existente.!! - Error 404 | Método: GET en la URL: http://localhost:8080/img/thumbnail-1691414495987.png"}
{"timestamp":"07/08/2023, 18:03","error":"Intentaron ingresar a una Pagina No Existente.!! - Error 404 | Método: GET en la URL: http://localhost:8080/img/thumbnail-1691414670183.png"}
{"timestamp":"07/08/2023, 18:03","error":"Intentaron ingresar a una Pagina No Existente.!! - Error 404 | Método: GET en la URL: http://localhost:8080/img/thumbnail-1691414779607.png"}
{"timestamp":"07/08/2023, 18:03","error":"Intentaron ingresar a una Pagina No Existente.!! - Error 404 | Método: GET en la URL: http://localhost:8080/img/thumbnail-1691414975150.png"}
{"timestamp":"07/08/2023, 18:03","error":"Intentaron ingresar a una Pagina No Existente.!! - Error 404 | Método: GET en la URL: http://localhost:8080/img/thumbnail-1691415102729.png"}
{"timestamp":"07/08/2023, 18:03","error":"Intentaron ingresar a una Pagina No Existente.!! - Error 404 | Método: GET en la URL: http://localhost:8080/img/thumbnail-1691415248646.png"}
{"timestamp":"07/08/2023, 18:03","error":"Intentaron ingresar a una Pagina No Existente.!! - Error 404 | Método: GET en la URL: http://localhost:8080/img/thumbnail-1691415278522.png"}
{"timestamp":"07/08/2023, 18:03","error":"Intentaron ingresar a una Pagina No Existente.!! - Error 404 | Método: GET en la URL: http://localhost:8080/img/thumbnail-1691415339523.png"}
{"timestamp":"07/08/2023, 18:03","error":"Intentaron ingresar a una Pagina No Existente.!! - Error 404 | Método: GET en la URL: http://localhost:8080/img/thumbnail-1691415394436.png"}
{"timestamp":"07/08/2023, 18:03","error":"Intentaron ingresar a una Pagina No Existente.!! - Error 404 | Método: GET en la URL: http://localhost:8080/img/thumbnail-1691415430754.png"}
{"timestamp":"07/08/2023, 18:03","error":"Intentaron ingresar a una Pagina No Existente.!! - Error 404 | Método: GET en la URL: http://localhost:8080/img/thumbnail-1691415488649.png"}
{"timestamp":"07/08/2023, 18:03","error":"Intentaron ingresar a una Pagina No Existente.!! - Error 404 | Método: GET en la URL: http://localhost:8080/img/thumbnail-1691415889916.png"}
{"timestamp":"07/08/2023, 18:03","error":"Intentaron ingresar a una Pagina No Existente.!! - Error 404 | Método: GET en la URL: http://localhost:8080/img/thumbnail-1691416022676.png"}
{"timestamp":"07/08/2023, 18:03","error":"Intentaron ingresar a una Pagina No Existente.!! - Error 404 | Método: GET en la URL: http://localhost:8080/img/thumbnail-1691416040634.png"}
{"timestamp":"07/08/2023, 18:03","error":"Intentaron ingresar a una Pagina No Existente.!! - Error 404 | Método: GET en la URL: http://localhost:8080/img/thumbnail-1691416143332.png"}
{"timestamp":"07/08/2023, 18:03","error":"Intentaron ingresar a una Pagina No Existente.!! - Error 404 | Método: GET en la URL: http://localhost:8080/img/thumbnail-1691416585509.png"}
{"timestamp":"07/08/2023, 18:03","error":"Intentaron ingresar a una Pagina No Existente.!! - Error 404 | Método: GET en la URL: http://localhost:8080/img/thumbnail-1691416229581.png"}
{"timestamp":"07/08/2023, 18:03","error":"Intentaron ingresar a una Pagina No Existente.!! - Error 404 | Método: GET en la URL: http://localhost:8080/img/thumbnail-1691416733727.png"}
{"timestamp":"07/08/2023, 18:03","error":"Intentaron ingresar a una Pagina No Existente.!! - Error 404 | Método: GET en la URL: http://localhost:8080/img/thumbnail-1691416830148.png"}
{"timestamp":"07/08/2023, 18:03","error":"Intentaron ingresar a una Pagina No Existente.!! - Error 404 | Método: GET en la URL: http://localhost:8080/img/thumbnail-1691416891963.png"}
{"timestamp":"07/08/2023, 18:03","error":"Intentaron ingresar a una Pagina No Existente.!! - Error 404 | Método: GET en la URL: http://localhost:8080/img/thumbnail-1691417052691.png"}
{"timestamp":"07/08/2023, 18:03","error":"Intentaron ingresar a una Pagina No Existente.!! - Error 404 | Método: GET en la URL: http://localhost:8080/img/thumbnail-1691417349389.png"}
{"timestamp":"07/08/2023, 18:03","error":"Intentaron ingresar a una Pagina No Existente.!! - Error 404 | Método: GET en la URL: http://localhost:8080/img/thumbnail-1691417204607.png"}
{"timestamp":"07/08/2023, 18:03","error":"Intentaron ingresar a una Pagina No Existente.!! - Error 404 | Método: GET en la URL: http://localhost:8080/img/thumbnail-1691417510026.png"}
{"timestamp":"07/08/2023, 18:03","error":"Intentaron ingresar a una Pagina No Existente.!! - Error 404 | Método: GET en la URL: http://localhost:8080/img/thumbnail-1691417669263.png"}
{"timestamp":"07/08/2023, 18:03","error":"Intentaron ingresar a una Pagina No Existente.!! - Error 404 | Método: GET en la URL: http://localhost:8080/img/thumbnail-1691418037583.png"}
{"timestamp":"07/08/2023, 18:03","error":"Intentaron ingresar a una Pagina No Existente.!! - Error 404 | Método: GET en la URL: http://localhost:8080/img/thumbnail-1691418001000.png"}
{"timestamp":"07/08/2023, 18:03","error":"Intentaron ingresar a una Pagina No Existente.!! - Error 404 | Método: GET en la URL: http://localhost:8080/img/thumbnail-1691418134170.png"}
{"timestamp":"07/08/2023, 18:03","error":"Intentaron ingresar a una Pagina No Existente.!! - Error 404 | Método: GET en la URL: http://localhost:8080/img/thumbnail-1691418071559.png"}
{"timestamp":"07/08/2023, 18:03","error":"Intentaron ingresar a una Pagina No Existente.!! - Error 404 | Método: GET en la URL: http://localhost:8080/img/thumbnail-1691418145512.png"}
{"timestamp":"07/08/2023, 18:03","error":"Intentaron ingresar a una Pagina No Existente.!! - Error 404 | Método: GET en la URL: http://localhost:8080/img/thumbnail-1691418211494.png"}
{"timestamp":"07/08/2023, 18:03","error":"Intentaron ingresar a una Pagina No Existente.!! - Error 404 | Método: GET en la URL: http://localhost:8080/img/thumbnail-1691418450093.png"}
{"timestamp":"07/08/2023, 18:03","error":"Intentaron ingresar a una Pagina No Existente.!! - Error 404 | Método: GET en la URL: http://localhost:8080/img/thumbnail-1691418560296.png"}
{"timestamp":"07/08/2023, 18:03","error":"Intentaron ingresar a una Pagina No Existente.!! - Error 404 | Método: GET en la URL: http://localhost:8080/img/thumbnail-1691418570655.png"}
{"timestamp":"07/08/2023, 18:03","error":"Intentaron ingresar a una Pagina No Existente.!! - Error 404 | Método: GET en la URL: http://localhost:8080/img/thumbnail-1691418623584.png"}
{"timestamp":"07/08/2023, 18:03","error":"Intentaron ingresar a una Pagina No Existente.!! - Error 404 | Método: GET en la URL: http://localhost:8080/img/thumbnail-1691418651988.png"}
{"timestamp":"07/08/2023, 18:03","error":"Intentaron ingresar a una Pagina No Existente.!! - Error 404 | Método: GET en la URL: http://localhost:8080/img/thumbnail-1691418770625.png"}
{"timestamp":"07/08/2023, 18:03","error":"Intentaron ingresar a una Pagina No Existente.!! - Error 404 | Método: GET en la URL: http://localhost:8080/img/thumbnail-1691418973135.png"}
{"timestamp":"07/08/2023, 18:03","error":"Intentaron ingresar a una Pagina No Existente.!! - Error 404 | Método: GET en la URL: http://localhost:8080/img/thumbnail-1691419023108.png"}
{"timestamp":"07/08/2023, 18:03","error":"Intentaron ingresar a una Pagina No Existente.!! - Error 404 | Método: GET en la URL: http://localhost:8080/img/thumbnail-1691419064146.png"}
{"timestamp":"07/08/2023, 18:03","error":"Intentaron ingresar a una Pagina No Existente.!! - Error 404 | Método: GET en la URL: http://localhost:8080/img/thumbnail-1691419110643.png"}
{"timestamp":"07/08/2023, 18:03","error":"Intentaron ingresar a una Pagina No Existente.!! - Error 404 | Método: GET en la URL: http://localhost:8080/img/thumbnail-1691419147310.png"}
{"timestamp":"07/08/2023, 18:03","error":"Intentaron ingresar a una Pagina No Existente.!! - Error 404 | Método: GET en la URL: http://localhost:8080/img/thumbnail-1691425693537.png"}
{"timestamp":"07/08/2023, 18:03","error":"Intentaron ingresar a una Pagina No Existente.!! - Error 404 | Método: GET en la URL: http://localhost:8080/img/thumbnail-1691425932708.png"}
{"timestamp":"07/08/2023, 18:03","error":"Intentaron ingresar a una Pagina No Existente.!! - Error 404 | Método: GET en la URL: http://localhost:8080/img/thumbnail-1691426015790.png"}
{"timestamp":"07/08/2023, 18:03","error":"Intentaron ingresar a una Pagina No Existente.!! - Error 404 | Método: GET en la URL: http://localhost:8080/img/thumbnail-1691426192495.png"}
{"timestamp":"07/08/2023, 18:03","error":"Intentaron ingresar a una Pagina No Existente.!! - Error 404 | Método: GET en la URL: http://localhost:8080/img/thumbnail-1691426222805.png"}
{"timestamp":"07/08/2023, 18:03","error":"Intentaron ingresar a una Pagina No Existente.!! - Error 404 | Método: GET en la URL: http://localhost:8080/img/thumbnail-1691426305435.png"}
{"timestamp":"07/08/2023, 18:03","error":"Intentaron ingresar a una Pagina No Existente.!! - Error 404 | Método: GET en la URL: http://localhost:8080/img/thumbnail-1691426501179.png"}
{"timestamp":"07/08/2023, 18:03","error":"Intentaron ingresar a una Pagina No Existente.!! - Error 404 | Método: GET en la URL: http://localhost:8080/img/thumbnail-1691426551869.png"}
{"timestamp":"07/08/2023, 18:03","error":"Intentaron ingresar a una Pagina No Existente.!! - Error 404 | Método: GET en la URL: http://localhost:8080/img/thumbnail-1691426777970.png"}
{"timestamp":"07/08/2023, 18:03","error":"Intentaron ingresar a una Pagina No Existente.!! - Error 404 | Método: GET en la URL: http://localhost:8080/img/thumbnail-1691427273288.png"}
{"timestamp":"07/08/2023, 18:03","error":"Intentaron ingresar a una Pagina No Existente.!! - Error 404 | Método: GET en la URL: http://localhost:8080/img/thumbnail-1691426799164.png"}
{"timestamp":"07/08/2023, 18:03","error":"Intentaron ingresar a una Pagina No Existente.!! - Error 404 | Método: GET en la URL: http://localhost:8080/img/thumbnail-1691427396351.png"}
{"timestamp":"07/08/2023, 18:03","error":"Intentaron ingresar a una Pagina No Existente.!! - Error 404 | Método: GET en la URL: http://localhost:8080/img/thumbnail-1691427329786.png"}
{"timestamp":"07/08/2023, 18:03","error":"Intentaron ingresar a una Pagina No Existente.!! - Error 404 | Método: GET en la URL: http://localhost:8080/img/thumbnail-1691427822533.png"}
{"timestamp":"07/08/2023, 18:03","error":"Intentaron ingresar a una Pagina No Existente.!! - Error 404 | Método: GET en la URL: http://localhost:8080/img/thumbnail-1691427886757.png"}
{"timestamp":"07/08/2023, 18:03","error":"Intentaron ingresar a una Pagina No Existente.!! - Error 404 | Método: GET en la URL: http://localhost:8080/img/thumbnail-1691427974080.png"}
{"timestamp":"07/08/2023, 18:03","error":"Intentaron ingresar a una Pagina No Existente.!! - Error 404 | Método: GET en la URL: http://localhost:8080/img/thumbnail-1691427928297.png"}
{"timestamp":"07/08/2023, 18:03","error":"Intentaron ingresar a una Pagina No Existente.!! - Error 404 | Método: GET en la URL: http://localhost:8080/img/thumbnail-1691428176546.png"}
{"timestamp":"07/08/2023, 18:03","error":"Intentaron ingresar a una Pagina No Existente.!! - Error 404 | Método: GET en la URL: http://localhost:8080/img/thumbnail-1691428209863.png"}
{"timestamp":"07/08/2023, 18:03","error":"Intentaron ingresar a una Pagina No Existente.!! - Error 404 | Método: GET en la URL: http://localhost:8080/img/thumbnail-1691428391801.png"}
{"timestamp":"07/08/2023, 18:03","error":"Intentaron ingresar a una Pagina No Existente.!! - Error 404 | Método: GET en la URL: http://localhost:8080/img/thumbnail-1691428242656.png"}
{"timestamp":"07/08/2023, 18:03","error":"Intentaron ingresar a una Pagina No Existente.!! - Error 404 | Método: GET en la URL: http://localhost:8080/img/thumbnail-1691428620261.png"}
{"timestamp":"07/08/2023, 18:03","error":"Intentaron ingresar a una Pagina No Existente.!! - Error 404 | Método: GET en la URL: http://localhost:8080/img/thumbnail-1691428828828.png"}
{"timestamp":"07/08/2023, 18:03","error":"Intentaron ingresar a una Pagina No Existente.!! - Error 404 | Método: GET en la URL: http://localhost:8080/img/thumbnail-1691428874508.png"}
{"timestamp":"07/08/2023, 18:03","error":"Intentaron ingresar a una Pagina No Existente.!! - Error 404 | Método: GET en la URL: http://localhost:8080/img/thumbnail-1691428849241.png"}
{"timestamp":"07/08/2023, 18:03","error":"Intentaron ingresar a una Pagina No Existente.!! - Error 404 | Método: GET en la URL: http://localhost:8080/img/thumbnail-1691429164313.png"}
{"timestamp":"07/08/2023, 18:03","error":"Intentaron ingresar a una Pagina No Existente.!! - Error 404 | Método: GET en la URL: http://localhost:8080/img/thumbnail-1691428911816.png"}
{"timestamp":"07/08/2023, 18:03","error":"Intentaron ingresar a una Pagina No Existente.!! - Error 404 | Método: GET en la URL: http://localhost:8080/img/thumbnail-1691429216415.png"}
{"timestamp":"07/08/2023, 18:03","error":"Intentaron ingresar a una Pagina No Existente.!! - Error 404 | Método: GET en la URL: http://localhost:8080/img/thumbnail-1691429254082.png"}
{"timestamp":"07/08/2023, 18:03","error":"Intentaron ingresar a una Pagina No Existente.!! - Error 404 | Método: GET en la URL: http://localhost:8080/img/thumbnail-1691429385854.png"}
{"timestamp":"07/08/2023, 18:03","error":"Intentaron ingresar a una Pagina No Existente.!! - Error 404 | Método: GET en la URL: http://localhost:8080/img/thumbnail-1691429293658.png"}
{"timestamp":"07/08/2023, 18:03","error":"Intentaron ingresar a una Pagina No Existente.!! - Error 404 | Método: GET en la URL: http://localhost:8080/img/thumbnail-1691429420491.png"}
{"timestamp":"07/08/2023, 18:03","error":"Intentaron ingresar a una Pagina No Existente.!! - Error 404 | Método: GET en la URL: http://localhost:8080/img/thumbnail-1691429487369.png"}
{"timestamp":"07/08/2023, 18:03","error":"Intentaron ingresar a una Pagina No Existente.!! - Error 404 | Método: GET en la URL: http://localhost:8080/img/thumbnail-1691429593021.png"}
{"timestamp":"07/08/2023, 18:03","error":"Intentaron ingresar a una Pagina No Existente.!! - Error 404 | Método: GET en la URL: http://localhost:8080/img/thumbnail-1691429553143.png"}
{"timestamp":"07/08/2023, 18:03","error":"Intentaron ingresar a una Pagina No Existente.!! - Error 404 | Método: GET en la URL: http://localhost:8080/img/thumbnail-1691429652838.png"}
{"timestamp":"07/08/2023, 18:03","error":"Intentaron ingresar a una Pagina No Existente.!! - Error 404 | Método: GET en la URL: http://localhost:8080/img/thumbnail-1691429613476.png"}
{"timestamp":"07/08/2023, 18:03","error":"Intentaron ingresar a una Pagina No Existente.!! - Error 404 | Método: GET en la URL: http://localhost:8080/img/thumbnail-1691429824971.png"}
{"timestamp":"07/08/2023, 18:03","error":"Intentaron ingresar a una Pagina No Existente.!! - Error 404 | Método: GET en la URL: http://localhost:8080/img/thumbnail-1691429779235.png"}
{"timestamp":"07/08/2023, 18:03","error":"Intentaron ingresar a una Pagina No Existente.!! - Error 404 | Método: GET en la URL: http://localhost:8080/img/thumbnail-1691430132425.png"}
{"timestamp":"07/08/2023, 18:03","error":"Intentaron ingresar a una Pagina No Existente.!! - Error 404 | Método: GET en la URL: http://localhost:8080/img/thumbnail-1691430014576.png"}
{"timestamp":"07/08/2023, 18:03","error":"Intentaron ingresar a una Pagina No Existente.!! - Error 404 | Método: GET en la URL: http://localhost:8080/img/thumbnail-1691430244255.png"}
{"timestamp":"07/08/2023, 18:03","error":"Intentaron ingresar a una Pagina No Existente.!! - Error 404 | Método: GET en la URL: http://localhost:8080/img/thumbnail-1691430181422.png"}
{"timestamp":"07/08/2023, 18:03","error":"Intentaron ingresar a una Pagina No Existente.!! - Error 404 | Método: GET en la URL: http://localhost:8080/img/thumbnail-1691430412957.png"}
{"timestamp":"07/08/2023, 18:03","error":"Intentaron ingresar a una Pagina No Existente.!! - Error 404 | Método: GET en la URL: http://localhost:8080/img/thumbnail-1691430351047.png"}
{"timestamp":"07/08/2023, 18:03","error":"Intentaron ingresar a una Pagina No Existente.!! - Error 404 | Método: GET en la URL: http://localhost:8080/img/thumbnail-1691430574892.png"}
{"timestamp":"07/08/2023, 18:03","error":"Intentaron ingresar a una Pagina No Existente.!! - Error 404 | Método: GET en la URL: http://localhost:8080/img/thumbnail-1691430443662.png"}
{"timestamp":"07/08/2023, 18:03","error":"Intentaron ingresar a una Pagina No Existente.!! - Error 404 | Método: GET en la URL: http://localhost:8080/img/thumbnail-1691430528264.png"}
{"timestamp":"07/08/2023, 18:03","error":"Intentaron ingresar a una Pagina No Existente.!! - Error 404 | Método: GET en la URL: http://localhost:8080/img/thumbnail-1691430513886.png"}
{"timestamp":"07/08/2023, 18:03","error":"Intentaron ingresar a una Pagina No Existente.!! - Error 404 | Método: GET en la URL: http://localhost:8080/img/thumbnail-1691430712332.png"}
{"timestamp":"07/08/2023, 18:03","error":"Intentaron ingresar a una Pagina No Existente.!! - Error 404 | Método: GET en la URL: http://localhost:8080/img/thumbnail-1691430646378.png"}
{"timestamp":"07/08/2023, 18:03","error":"Intentaron ingresar a una Pagina No Existente.!! - Error 404 | Método: GET en la URL: http://localhost:8080/img/thumbnail-1691438202546.png"}
{"timestamp":"07/08/2023, 18:03","error":"Intentaron ingresar a una Pagina No Existente.!! - Error 404 | Método: GET en la URL: http://localhost:8080/img/thumbnail-1691432091562.png"}
{"timestamp":"07/08/2023, 18:05","error":"error is not defined"}
{"timestamp":"07/08/2023, 18:05","error":"error is not defined"}
{"timestamp":"07/08/2023, 18:05","error":"error is not defined"}
{"timestamp":"07/08/2023, 18:05","error":"error is not defined"}
{"timestamp":"07/08/2023, 18:05","error":"error is not defined"}
{"timestamp":"07/08/2023, 18:05","error":"error is not defined"}
{"timestamp":"07/08/2023, 18:07","error":"error is not defined"}
{"timestamp":"07/08/2023, 18:07","error":"error is not defined"}
{"timestamp":"07/08/2023, 18:10","error":"error is not defined"}
{"timestamp":"07/08/2023, 18:10","error":"error is not defined"}
{"timestamp":"07/08/2023, 18:12","error":"error is not defined"}
{"timestamp":"07/08/2023, 18:12","error":"error is not defined"}
{"timestamp":"07/08/2023, 18:14","error":"error is not defined"}
{"timestamp":"07/08/2023, 18:14","error":"error is not defined"}
{"timestamp":"07/08/2023, 18:16","error":"error is not defined"}
{"timestamp":"07/08/2023, 18:16","error":"error is not defined"}
{"timestamp":"07/08/2023, 18:18","error":"error is not defined"}
{"timestamp":"07/08/2023, 18:18","error":"error is not defined"}
{"timestamp":"07/08/2023, 18:19","error":"error is not defined"}
{"timestamp":"07/08/2023, 18:19","error":"error is not defined"}
{"timestamp":"07/08/2023, 18:19","error":"error is not defined"}
{"timestamp":"07/08/2023, 18:19","error":"error is not defined"}
{"timestamp":"07/08/2023, 18:20","error":"error is not defined"}
{"timestamp":"07/08/2023, 18:20","error":"error is not defined"}
{"timestamp":"07/08/2023, 18:22","error":"error is not defined"}
{"timestamp":"07/08/2023, 18:22","error":"error is not defined"}
{"timestamp":"07/08/2023, 18:26","error":"Cannot read properties of null (reading 'writeErrors')"}
{"timestamp":"07/08/2023, 18:26","error":"Cannot read properties of null (reading 'writeErrors')"}
{"timestamp":"07/08/2023, 18:31","error":"Cannot read properties of null (reading 'writeErrors')"}
{"timestamp":"07/08/2023, 18:31","error":"Cannot read properties of null (reading 'writeErrors')"}
{"timestamp":"07/08/2023, 18:32","error":"Intentaron ingresar a una Pagina No Existente.!! - Error 404 | Método: GET en la URL: http://localhost:8080/img/ea46e8dd72764cbfaad224b6a5b685b5"}
{"timestamp":"07/08/2023, 18:33","error":"Intentaron ingresar a una Pagina No Existente.!! - Error 404 | Método: GET en la URL: http://localhost:8080/img/ea46e8dd72764cbfaad224b6a5b685b5"}
{"timestamp":"08/08/2023, 15:39","error":"Intentaron ingresar a una Pagina No Existente.!! - Error 404 | Método: GET en la URL: http://localhost:8080/documents"}
{"timestamp":"08/08/2023, 15:51","error":"Intentaron ingresar a una Pagina No Existente.!! - Error 404 | Método: POST en la URL: http://localhost:8080/save"}
{"timestamp":"08/08/2023, 15:52","error":"Intentaron ingresar a una Pagina No Existente.!! - Error 404 | Método: POST en la URL: http://localhost:8080/documents/save"}
{"timestamp":"09/08/2023, 10:58","error":"Cannot read properties of undefined (reading 'premium')"}
{"timestamp":"09/08/2023, 10:58","error":"Cannot read properties of undefined (reading 'premium')"}
{"timestamp":"09/08/2023, 10:59","error":"Cannot read properties of undefined (reading 'premium')"}
{"timestamp":"09/08/2023, 11:00","error":"Cannot read properties of undefined (reading 'premium')"}
{"timestamp":"09/08/2023, 11:06","error":"Intentaron ingresar a una Pagina No Existente.!! - Error 404 | Método: POST en la URL: http://localhost:8080/apply-discount"}
{"timestamp":"09/08/2023, 11:07","error":"Intentaron ingresar a una Pagina No Existente.!! - Error 404 | Método: POST en la URL: http://localhost:8080/apply-discount"}
{"timestamp":"09/08/2023, 11:13","error":"Intentaron ingresar a una Pagina No Existente.!! - Error 404 | Método: POST en la URL: http://localhost:8080/"}
{"timestamp":"09/08/2023, 11:27","error":"sortedItems is not defined"}
{"timestamp":"09/08/2023, 12:00","error":"totalPrice is not defined"}
{"timestamp":"09/08/2023, 12:00","error":"totalPrice is not defined"}
{"timestamp":"09/08/2023, 12:13","error":"discountedPrice.toFixed is not a function"}
