{"timestamp":"2023-07-30T22:22:55.388Z","message":"El Usuario Alejandro Di Stefano con ID #6461283f45c3c19a45331e2a se ha Deslogueado con éxito.!"}
{"timestamp":"2023-07-30T22:24:56.919Z","message":"El Usuario Alejandro Di Stefano con ID  #6461283f45c3c19a45331e2a se ha Logueado con éxito.!"}
{"timestamp":"2023-07-30T22:25:01.795Z","message":"El Usuario Alejandro Di Stefano con ID #6461283f45c3c19a45331e2a se ha Deslogueado con éxito.!"}
{"timestamp":"2023-07-30T22:26:06.512Z","message":"El Usuario Alejandro Daniel Di Stefano  con ID #64692102741cb4fb3e7afaaa se ha Deslogueado con éxito.!"}
{"timestamp":"2023-07-30T22:26:48.396Z","message":"El Usuario Alejandro Daniel Di Stefano con ID #64692102741cb4fb3e7afaaa se ha Logueado con éxito.!"}
{"timestamp":"2023-07-30T22:27:15.875Z","message":"El Usuario Alejandro Daniel Di Stefano  con ID #64692102741cb4fb3e7afaaa se ha Deslogueado con éxito.!"}
{"timestamp":"2023-07-30T22:27:32.133Z","message":"El Usuario Alex Marin Mendez con ID  #64b0469832b17e2087b428e3 se ha Logueado con éxito.!"}
{"timestamp":"2023-07-30T22:27:37.792Z","message":"El Usuario Alex Marin Mendez con ID #64b0469832b17e2087b428e3 se ha Deslogueado con éxito.!"}
{"timestamp":"2023-07-30T22:34:40.171Z","message":"El Usuario Alejandro Di Stefano con ID  #6461283f45c3c19a45331e2a se ha Logueado con éxito.!"}
{"timestamp":"2023-07-30T22:34:45.691Z","message":"El Usuario Alejandro Di Stefano con ID #6461283f45c3c19a45331e2a se ha Deslogueado con éxito.!"}
{"timestamp":"2023-07-30T22:36:09.676Z","message":"El Usuario Alejandro Di Stefano con ID  #6461283f45c3c19a45331e2a se ha Logueado con éxito.!"}
{"timestamp":"2023-07-30T22:36:14.050Z","message":"El Usuario Alejandro Di Stefano con ID #6461283f45c3c19a45331e2a se ha Deslogueado con éxito.!"}
{"timestamp":"30/07/2023, 7:44 p. m.","message":"El Usuario Alejandro Di Stefano con ID  #6461283f45c3c19a45331e2a se ha Logueado con éxito.!"}
{"timestamp":"30/07/2023, 7:44 p. m.","message":"El Usuario Alejandro Di Stefano con ID #6461283f45c3c19a45331e2a se ha Deslogueado con éxito.!"}
{"timestamp":"30/07/2023, 7:44 p. m.","message":"El Usuario Alejandro Di Stefano con ID  #6461283f45c3c19a45331e2a se ha Logueado con éxito.!"}
{"timestamp":"30/07/2023, 19:46","message":"El Usuario Alejandro Di Stefano con ID #6461283f45c3c19a45331e2a se ha Deslogueado con éxito.!"}
{"timestamp":"30/07/2023, 19:46","message":"El Usuario Alejandro Di Stefano con ID  #6461283f45c3c19a45331e2a se ha Logueado con éxito.!"}
{"timestamp":"30/07/2023, 19:58","message":"El Usuario Alejandro Di Stefano con ID #6461283f45c3c19a45331e2a se ha Deslogueado con éxito.!"}
{"timestamp":"31/07/2023, 07:46","message":"El Usuario Alejandro Di Stefano con ID  #6461283f45c3c19a45331e2a se ha Logueado con éxito.!"}
{"timestamp":"31/07/2023, 07:46","message":"El Usuario Alejandro Di Stefano con ID #6461283f45c3c19a45331e2a se ha Deslogueado con éxito.!"}
{"timestamp":"31/07/2023, 11:34","message":"El Usuario Alejandro Di Stefano con ID  #6461283f45c3c19a45331e2a se ha Logueado con éxito.!"}
{"timestamp":"31/07/2023, 11:35","message":"El Usuario Alejandro Di Stefano con ID #6461283f45c3c19a45331e2a se ha Deslogueado con éxito.!"}
{"timestamp":"31/07/2023, 12:48","message":"El Usuario Alejandro Di Stefano con ID  #6461283f45c3c19a45331e2a se ha Logueado con éxito.!"}
{"timestamp":"31/07/2023, 12:50","message":"El Usuario Alejandro Di Stefano con ID #6461283f45c3c19a45331e2a se ha Deslogueado con éxito.!"}
{"timestamp":"31/07/2023, 12:52","message":"El Usuario Alejandro Di Stefano con ID #6461283f45c3c19a45331e2a se ha Deslogueado con éxito.!"}
{"timestamp":"31/07/2023, 12:52","message":"El Usuario Alejandro Di Stefano con ID  #6461283f45c3c19a45331e2a se ha Logueado con éxito.!"}
{"timestamp":"31/07/2023, 13:36","message":"El Usuario Alejandro Di Stefano con ID #6461283f45c3c19a45331e2a se ha Deslogueado con éxito.!"}
{"timestamp":"31/07/2023, 13:36","message":"El Usuario Alejandro Daniel Di Stefano con ID #64692102741cb4fb3e7afaaa se ha Logueado con éxito.!"}
{"timestamp":"31/07/2023, 13:36","message":"El Usuario Alejandro Daniel Di Stefano  con ID #64692102741cb4fb3e7afaaa se ha Deslogueado con éxito.!"}
{"timestamp":"31/07/2023, 13:38","message":"El Usuario Alejandro Di Stefano con ID  #6461283f45c3c19a45331e2a se ha Logueado con éxito.!"}
{"timestamp":"31/07/2023, 13:42","message":"El Usuario Alejandro Di Stefano con ID #6461283f45c3c19a45331e2a se ha Deslogueado con éxito.!"}
{"timestamp":"31/07/2023, 13:42","message":"El Usuario Administrador CoderHouse con ID  #6461281545c3c19a45331e28 se ha Logueado con éxito.!"}
{"timestamp":"31/07/2023, 13:43","message":"El Usuario Administrador CoderHouse con ID #6461281545c3c19a45331e28 se ha Deslogueado con éxito.!"}
{"timestamp":"31/07/2023, 13:43","message":"El Usuario Alejandro Daniel Di Stefano con ID #64692102741cb4fb3e7afaaa se ha Logueado con éxito.!"}
{"timestamp":"31/07/2023, 13:43","message":"El Usuario Alejandro Daniel Di Stefano  con ID #64692102741cb4fb3e7afaaa se ha Deslogueado con éxito.!"}
{"timestamp":"31/07/2023, 13:44","message":"El Usuario Federico Di Stefano con ID  #646a29ce71d1edce4c51d63c se ha Logueado con éxito.!"}
{"timestamp":"31/07/2023, 13:44","message":"El Usuario Federico Di Stefano con ID #646a29ce71d1edce4c51d63c se ha Deslogueado con éxito.!"}
{"timestamp":"31/07/2023, 13:44","message":"El Usuario Usuario 1 Prueba con ID  #64bd8154b094d6298f41352c se ha Logueado con éxito.!"}
{"timestamp":"31/07/2023, 13:44","message":"El Usuario Usuario 1 Prueba con ID #64bd8154b094d6298f41352c se ha Deslogueado con éxito.!"}
{"timestamp":"31/07/2023, 13:44","message":"El Usuario Usuario 2 Prueba con ID  #64be81f329e594deb611375d se ha Logueado con éxito.!"}
{"timestamp":"31/07/2023, 13:45","message":"El Usuario Usuario 2 Prueba con ID #64be81f329e594deb611375d se ha Deslogueado con éxito.!"}
{"timestamp":"31/07/2023, 13:45","message":"El Usuario Alex Marin Mendez con ID  #64b0469832b17e2087b428e3 se ha Logueado con éxito.!"}
{"timestamp":"31/07/2023, 13:45","message":"El Usuario Alex Marin Mendez con ID #64b0469832b17e2087b428e3 se ha Deslogueado con éxito.!"}
{"timestamp":"31/07/2023, 13:45","message":"El Usuario Lola Giovanna Di Stefano con ID  #646a1bbcf4db5c8bd75ea6a6 se ha Logueado con éxito.!"}
{"timestamp":"31/07/2023, 13:46","message":"El Usuario Lola Giovanna Di Stefano con ID #646a1bbcf4db5c8bd75ea6a6 se ha Deslogueado con éxito.!"}
{"timestamp":"31/07/2023, 13:47","message":"El Usuario Prueba3 Prueba3 con ID  #64c7e58d08626e282d5b8b9e se ha Logueado con éxito.!"}
{"timestamp":"31/07/2023, 13:47","message":"El Usuario Prueba3 Prueba3 con ID #64c7e58d08626e282d5b8b9e se ha Deslogueado con éxito.!"}
{"timestamp":"31/07/2023, 13:47","message":"El Usuario Alejandro Di Stefano con ID  #6461283f45c3c19a45331e2a se ha Logueado con éxito.!"}
{"timestamp":"31/07/2023, 13:52","message":"El Usuario Alejandro Di Stefano con ID #6461283f45c3c19a45331e2a se ha Deslogueado con éxito.!"}
{"timestamp":"31/07/2023, 13:52","message":"El Usuario Alejandro Di Stefano con ID  #6461283f45c3c19a45331e2a se ha Logueado con éxito.!"}
{"timestamp":"31/07/2023, 13:53","message":"El Usuario Alejandro Di Stefano con ID #6461283f45c3c19a45331e2a se ha Deslogueado con éxito.!"}
{"timestamp":"31/07/2023, 13:54","message":"El Usuario Alejandro Di Stefano con ID  #6461283f45c3c19a45331e2a se ha Logueado con éxito.!"}
{"timestamp":"31/07/2023, 13:58","message":"El Usuario Alejandro Di Stefano con ID #6461283f45c3c19a45331e2a se ha Deslogueado con éxito.!"}
{"timestamp":"31/07/2023, 13:58","message":"El Usuario Alejandro Di Stefano con ID  #6461283f45c3c19a45331e2a se ha Logueado con éxito.!"}
{"timestamp":"31/07/2023, 13:59","message":"El Usuario Alejandro Di Stefano con ID #6461283f45c3c19a45331e2a se ha Deslogueado con éxito.!"}
{"timestamp":"31/07/2023, 14:01","message":"El Usuario Alejandro Di Stefano con ID  #6461283f45c3c19a45331e2a se ha Logueado con éxito.!"}
{"timestamp":"31/07/2023, 14:04","message":"El Usuario Alejandro Di Stefano con ID #6461283f45c3c19a45331e2a se ha Deslogueado con éxito.!"}
{"timestamp":"31/07/2023, 14:05","message":"El Usuario Alejandro Di Stefano con ID  #6461283f45c3c19a45331e2a se ha Logueado con éxito.!"}
{"timestamp":"31/07/2023, 14:06","message":"El Usuario Alejandro Di Stefano con ID #6461283f45c3c19a45331e2a se ha Deslogueado con éxito.!"}
{"timestamp":"31/07/2023, 14:06","message":"El Usuario Alejandro Daniel Di Stefano con ID #64692102741cb4fb3e7afaaa se ha Logueado con éxito.!"}
{"timestamp":"31/07/2023, 14:06","message":"El Usuario Alejandro Daniel Di Stefano  con ID #64692102741cb4fb3e7afaaa se ha Deslogueado con éxito.!"}
{"timestamp":"31/07/2023, 14:06","message":"El Usuario Administrador CoderHouse con ID  #6461281545c3c19a45331e28 se ha Logueado con éxito.!"}
{"timestamp":"31/07/2023, 14:07","message":"El Usuario Administrador CoderHouse con ID #6461281545c3c19a45331e28 se ha Deslogueado con éxito.!"}
{"timestamp":"31/07/2023, 14:07","message":"El Usuario Federico Di Stefano con ID  #646a29ce71d1edce4c51d63c se ha Logueado con éxito.!"}
{"timestamp":"31/07/2023, 14:07","message":"El Usuario Federico Di Stefano con ID #646a29ce71d1edce4c51d63c se ha Deslogueado con éxito.!"}
{"timestamp":"31/07/2023, 14:07","message":"El Usuario Alex Marin Mendez con ID  #64b0469832b17e2087b428e3 se ha Logueado con éxito.!"}
{"timestamp":"31/07/2023, 14:07","message":"El Usuario Alex Marin Mendez con ID #64b0469832b17e2087b428e3 se ha Deslogueado con éxito.!"}
{"timestamp":"31/07/2023, 14:07","message":"El Usuario Lola Giovanna Di Stefano con ID  #646a1bbcf4db5c8bd75ea6a6 se ha Logueado con éxito.!"}
{"timestamp":"31/07/2023, 14:08","message":"El Usuario Lola Giovanna Di Stefano con ID #646a1bbcf4db5c8bd75ea6a6 se ha Deslogueado con éxito.!"}
{"timestamp":"31/07/2023, 14:08","message":"El Usuario Usuario 1 Prueba con ID  #64bd8154b094d6298f41352c se ha Logueado con éxito.!"}
{"timestamp":"31/07/2023, 14:08","message":"El Usuario Usuario 1 Prueba con ID #64bd8154b094d6298f41352c se ha Deslogueado con éxito.!"}
{"timestamp":"31/07/2023, 14:08","message":"El Usuario Usuario 2 Prueba con ID  #64be81f329e594deb611375d se ha Logueado con éxito.!"}
{"timestamp":"31/07/2023, 14:08","message":"El Usuario Usuario 2 Prueba con ID #64be81f329e594deb611375d se ha Deslogueado con éxito.!"}
{"timestamp":"31/07/2023, 14:08","message":"El Usuario Prueba3 Prueba3 con ID  #64c7e58d08626e282d5b8b9e se ha Logueado con éxito.!"}
{"timestamp":"31/07/2023, 14:08","message":"El Usuario Prueba3 Prueba3 con ID #64c7e58d08626e282d5b8b9e se ha Deslogueado con éxito.!"}
{"timestamp":"31/07/2023, 14:09","message":"El Usuario Alejandro Di Stefano con ID  #6461283f45c3c19a45331e2a se ha Logueado con éxito.!"}
{"timestamp":"31/07/2023, 14:34","message":"El Usuario Alejandro Di Stefano con ID #6461283f45c3c19a45331e2a se ha Deslogueado con éxito.!"}
{"timestamp":"31/07/2023, 14:34","message":"El Usuario Alejandro Daniel Di Stefano con ID #64692102741cb4fb3e7afaaa se ha Logueado con éxito.!"}
{"timestamp":"31/07/2023, 14:35","message":"El Usuario Alejandro Daniel Di Stefano  con ID #64692102741cb4fb3e7afaaa se ha Deslogueado con éxito.!"}
{"timestamp":"31/07/2023, 14:35","message":"El Usuario Alejandro Di Stefano con ID  #6461283f45c3c19a45331e2a se ha Logueado con éxito.!"}
{"timestamp":"31/07/2023, 14:39","message":"El Usuario Alex Marin Mendez con ID  #64b0469832b17e2087b428e3 se ha Logueado con éxito.!"}
{"timestamp":"31/07/2023, 15:12","message":"El Usuario Alejandro Di Stefano con ID  #6461283f45c3c19a45331e2a se ha Logueado con éxito.!"}
{"timestamp":"31/07/2023, 15:13","message":"El Usuario Alejandro Di Stefano con ID #6461283f45c3c19a45331e2a se ha Deslogueado con éxito.!"}
{"timestamp":"31/07/2023, 15:13","message":"El Usuario Alex Marin Mendez con ID  #64b0469832b17e2087b428e3 se ha Logueado con éxito.!"}
{"timestamp":"31/07/2023, 15:13","message":"El Usuario Alex Marin Mendez con ID #64b0469832b17e2087b428e3 se ha Deslogueado con éxito.!"}
{"timestamp":"31/07/2023, 15:13","message":"El Usuario Alejandro Di Stefano con ID  #6461283f45c3c19a45331e2a se ha Logueado con éxito.!"}
{"timestamp":"31/07/2023, 15:49","message":"El Usuario Alejandro Di Stefano con ID #6461283f45c3c19a45331e2a se ha Deslogueado con éxito.!"}
{"timestamp":"31/07/2023, 15:50","message":"El Usuario Alejandro Di Stefano con ID  #6461283f45c3c19a45331e2a se ha Logueado con éxito.!"}
{"timestamp":"31/07/2023, 16:44","message":"El Usuario Alex Marin Mendez con ID  #64b0469832b17e2087b428e3 se ha Logueado con éxito.!"}
{"timestamp":"31/07/2023, 16:45","message":"El Usuario Alejandro Di Stefano con ID  #6461283f45c3c19a45331e2a se ha Logueado con éxito.!"}
{"timestamp":"31/07/2023, 16:45","message":"El Usuario Alex Marin Mendez con ID #64b0469832b17e2087b428e3 se ha Deslogueado con éxito.!"}
{"timestamp":"31/07/2023, 16:46","message":"El Usuario Alejandro Di Stefano con ID #6461283f45c3c19a45331e2a se ha Deslogueado con éxito.!"}
{"timestamp":"31/07/2023, 17:59","message":"El Usuario Alejandro Di Stefano con ID  #6461283f45c3c19a45331e2a se ha Logueado con éxito.!"}
{"timestamp":"31/07/2023, 18:12","message":"El Usuario Alex Marin Mendez con ID  #64b0469832b17e2087b428e3 se ha Logueado con éxito.!"}
{"timestamp":"31/07/2023, 18:13","message":"El Usuario Alex Marin Mendez con ID #64b0469832b17e2087b428e3 se ha Deslogueado con éxito.!"}
{"timestamp":"31/07/2023, 18:13","message":"El Usuario Alex Marin Mendez con ID  #64b0469832b17e2087b428e3 se ha Logueado con éxito.!"}
{"timestamp":"31/07/2023, 18:14","message":"El Usuario Alejandro Di Stefano con ID #6461283f45c3c19a45331e2a se ha Deslogueado con éxito.!"}
{"timestamp":"31/07/2023, 18:14","message":"El Usuario Administrador CoderHouse con ID  #6461281545c3c19a45331e28 se ha Logueado con éxito.!"}
{"timestamp":"31/07/2023, 18:14","message":"El Usuario Administrador CoderHouse con ID #6461281545c3c19a45331e28 se ha Deslogueado con éxito.!"}
{"timestamp":"31/07/2023, 18:15","message":"El Usuario Alejandro Di Stefano con ID  #6461283f45c3c19a45331e2a se ha Logueado con éxito.!"}
{"timestamp":"31/07/2023, 18:16","message":"El Usuario Alex Marin Mendez con ID  #64b0469832b17e2087b428e3 se ha Logueado con éxito.!"}
{"timestamp":"31/07/2023, 18:16","message":"El Usuario Alex Marin Mendez con ID #64b0469832b17e2087b428e3 se ha Deslogueado con éxito.!"}
{"timestamp":"31/07/2023, 19:30","message":"El Usuario Alejandro Di Stefano con ID #6461283f45c3c19a45331e2a se ha Deslogueado con éxito.!"}
{"timestamp":"31/07/2023, 19:30","message":"El Usuario Federico Di Stefano con ID  #646a29ce71d1edce4c51d63c se ha Logueado con éxito.!"}
{"timestamp":"31/07/2023, 19:30","message":"El Usuario Federico Di Stefano con ID #646a29ce71d1edce4c51d63c se ha Deslogueado con éxito.!"}
{"timestamp":"31/07/2023, 19:31","message":"El Usuario Alejandro Di Stefano con ID  #6461283f45c3c19a45331e2a se ha Logueado con éxito.!"}
{"timestamp":"31/07/2023, 19:59","message":"El Usuario Alejandro Di Stefano con ID #6461283f45c3c19a45331e2a se ha Deslogueado con éxito.!"}
{"timestamp":"31/07/2023, 20:17","message":"El Usuario Alejandro Di Stefano con ID  #6461283f45c3c19a45331e2a se ha Logueado con éxito.!"}
{"timestamp":"01/08/2023, 07:55","message":"El Usuario Alejandro Di Stefano con ID  #6461283f45c3c19a45331e2a se ha Logueado con éxito.!"}
{"timestamp":"01/08/2023, 07:56","message":"El Usuario Federico Di Stefano con ID  #646a29ce71d1edce4c51d63c se ha Logueado con éxito.!"}
{"timestamp":"01/08/2023, 09:29","message":"El Usuario Alejandro Di Stefano con ID #6461283f45c3c19a45331e2a se ha Deslogueado con éxito.!"}
{"timestamp":"01/08/2023, 09:32","message":"El Usuario Alejandro Yo con ID  #64c8fac7279eadc09cbddf09 se ha Logueado con éxito.!"}
{"timestamp":"01/08/2023, 09:32","message":"El Usuario Alejandro Yo con ID #64c8fac7279eadc09cbddf09 se ha Deslogueado con éxito.!"}
{"timestamp":"01/08/2023, 09:32","message":"El Usuario Alejandro Di Stefano con ID  #6461283f45c3c19a45331e2a se ha Logueado con éxito.!"}
{"timestamp":"02/08/2023, 08:51","message":"El Usuario Alejandro Di Stefano con ID  #6461283f45c3c19a45331e2a se ha Logueado con éxito.!"}
{"timestamp":"02/08/2023, 08:51","message":"El Usuario Alejandro Di Stefano con ID #6461283f45c3c19a45331e2a se ha Deslogueado con éxito.!"}
{"timestamp":"02/08/2023, 10:22","message":"El Usuario Alejandro Di Stefano con ID  #6461283f45c3c19a45331e2a se ha Logueado con éxito.!"}
{"timestamp":"02/08/2023, 10:22","message":"El Usuario Alejandro Di Stefano con ID #6461283f45c3c19a45331e2a se ha Deslogueado con éxito.!"}
{"timestamp":"02/08/2023, 14:26","message":"El Usuario Alejandro Di Stefano con ID  #6461283f45c3c19a45331e2a se ha Logueado con éxito.!"}
{"timestamp":"02/08/2023, 14:27","message":"El Usuario Alejandro Di Stefano con ID #6461283f45c3c19a45331e2a se ha Deslogueado con éxito.!"}
{"timestamp":"02/08/2023, 14:30","message":"El Usuario Alejandro Di Stefano con ID  #6461283f45c3c19a45331e2a se ha Logueado con éxito.!"}
{"timestamp":"02/08/2023, 14:30","message":"El Usuario Alejandro Di Stefano con ID #6461283f45c3c19a45331e2a se ha Deslogueado con éxito.!"}
{"timestamp":"02/08/2023, 14:31","message":"El Usuario Alejandro Di Stefano con ID  #6461283f45c3c19a45331e2a se ha Logueado con éxito.!"}
